<?xml version="1.0" encoding="UTF-8"?>
<coverage generated="1738197059620" clover="3.2.0">
  <project timestamp="1738197059620" name="All files">
    <metrics statements="16" coveredstatements="16" conditionals="12" coveredconditionals="12" methods="7" coveredmethods="7" elements="35" coveredelements="35" complexity="0" loc="16" ncloc="16" packages="1" files="1" classes="1"/>
    <file name="index.js" path="D:\codes\odin-testing-practice\src\index.js">
      <metrics statements="16" coveredstatements="16" conditionals="12" coveredconditionals="12" methods="7" coveredmethods="7"/>
      <line num="2" count="5" type="stmt"/>
      <line num="6" count="3" type="stmt"/>
      <line num="10" count="4" type="cond" truecount="4" falsecount="0"/>
      <line num="12" count="1" type="stmt"/>
      <line num="14" count="1" type="stmt"/>
      <line num="16" count="1" type="stmt"/>
      <line num="18" count="1" type="stmt"/>
      <line num="23" count="3" type="stmt"/>
      <line num="26" count="19" type="stmt"/>
      <line num="27" count="19" type="cond" truecount="4" falsecount="0"/>
      <line num="28" count="2" type="stmt"/>
      <line num="29" count="17" type="cond" truecount="4" falsecount="0"/>
      <line num="30" count="14" type="stmt"/>
      <line num="32" count="3" type="stmt"/>
      <line num="39" count="2" type="stmt"/>
      <line num="40" count="10" type="stmt"/>
    </file>
  </project>
</coverage>
