TN:
SF:src\index.js
FN:1,capitalize
FN:5,reverseString
FN:9,calculator
FN:22,caesarCipher
FN:25,(anonymous_4)
FN:38,analyzeArray
FN:40,(anonymous_6)
FNF:7
FNH:7
FNDA:5,capitalize
FNDA:3,reverseString
FNDA:4,calculator
FNDA:3,caesarCipher
FNDA:19,(anonymous_4)
FNDA:2,analyzeArray
FNDA:10,(anonymous_6)
DA:2,5
DA:6,3
DA:10,4
DA:12,1
DA:14,1
DA:16,1
DA:18,1
DA:23,3
DA:26,19
DA:27,19
DA:28,2
DA:29,17
DA:30,14
DA:32,3
DA:39,2
DA:40,10
LF:16
LH:16
BRDA:10,0,0,1
BRDA:10,0,1,1
BRDA:10,0,2,1
BRDA:10,0,3,1
BRDA:27,1,0,2
BRDA:27,1,1,17
BRDA:27,2,0,19
BRDA:27,2,1,16
BRDA:29,3,0,14
BRDA:29,3,1,3
BRDA:29,4,0,17
BRDA:29,4,1,14
BRF:12
BRH:12
end_of_record
